$ jlpm build:lib && jlpm build:labextension:dev
$ tsc --sourceMap
$ jupyter labextension build --development True .
Building extension in .

Compilation starting…


Compilation finished

assets by chunk 6.45 MiB (id hint: vendors)
  asset vendors-node_modules_mermaid_dist_mermaid_core_mjs.33cfe50e46b258ca24e5.js 3.32 MiB [emitted] [immutable] (id hint: vendors) 1 related asset
  asset vendors-node_modules_mermaid_dist_flowchart-elk-definition-170a3958_js.8b405bc41d428f2fb802.js 1.48 MiB [emitted] [immutable] (id hint: vendors) 1 related asset
  asset vendors-node_modules_mermaid_dist_mindmap-definition-44684416_js.ec6dd8eadd9d45e7c586.js 1.16 MiB [emitted] [immutable] (id hint: vendors) 1 related asset
  asset vendors-node_modules_markdown-it_index_js.8ece910fc237f14b0ba0.js 208 KiB [emitted] [immutable] (id hint: vendors) 1 related asset
  asset vendors-node_modules_js-yaml_dist_js-yaml_mjs.03af40b7cb1ed37e8d2c.js 107 KiB [emitted] [immutable] (id hint: vendors) 1 related asset
  + 6 assets
asset lib_index_js.b3a74e8f05040a5d95d5.js 138 KiB [emitted] [immutable] 1 related asset
asset remoteEntry.e700caf34f0b7d8d9785.js 40.1 KiB [emitted] [immutable] (name: @quarto/jupyterlab-quarto) 1 related asset
asset node_modules_css-loader_dist_cjs_js_style_base_css.ab21c49f137ea1607a7a.js 33.8 KiB [emitted] [immutable] 1 related asset
asset node_modules_markdown-it-deflist_index_js.e1706800a4396962c792.js 6.52 KiB [emitted] [immutable] 1 related asset
asset node_modules_markdown-it-task-lists_index_js.44d456ca4d35bbb4a9e0.js 3.55 KiB [emitted] [immutable] 1 related asset
asset style_index_js.45b7a42be02fe193f132.js 2.24 KiB [emitted] [immutable] 1 related asset
asset node_modules_markdown-it-sup_index_js.ead4bbcdce2c7f1bfd0a.js 1.97 KiB [emitted] [immutable] 1 related asset
asset node_modules_markdown-it-sub_index_js.2ac274eb3a38b60b8ab8.js 1.96 KiB [emitted] [immutable] 1 related asset
orphan modules 487 KiB [orphan] 491 modules
runtime modules 29 KiB 15 modules
modules by path ../../node_modules/ 5.31 MiB 1013 modules
modules by path ./ 124 KiB
  modules by path ./lib/ 90.8 KiB 50 modules
  modules by path ./style/ 33.4 KiB 5 modules
consume-shared-module modules 546 bytes
  modules by path consume shared module (default) @jupyterlab/*.2 (singleton) 84 bytes 2 modules
  + 11 modules
provide-module modules 462 bytes
  provide shared module (default) @quarto/jupyterlab-quarto@0.1.40 = ./lib/index.js 42 bytes [built] [code generated]
  provide shared module (default) js-yaml@4.1.0 = ../../node_modules/js-yaml/dist/js-yaml.mjs 42 bytes [built] [code generated]
  + 9 modules
container entry 42 bytes [built] [code generated]
webpack 5.76.3 compiled successfully in 6826 ms
